<?xml version="1.0" encoding="UTF-8"?>
<!-- Generated by org.testng.reporters.JUnitReportReporter -->
<testsuite skipped="0" hostname="DESKTOP-C37E15E" name="quick.Asample.AsTest" tests="1" failures="0" timestamp="22 Aug 2020 05:24:40 GMT" time="4.355" errors="0">
  <testcase name="imp" time="4.355" classname="quick.Asample.AsTest"/>
</testsuite> <!-- quick.Asample.AsTest -->
